[2021-05-14 07:56:17,930]: Command started.
[2021-05-14 07:56:17,931]: 83 will be updated.
[2021-05-14 07:56:18,462]: 83 reviews has been updated successfully.
[2021-05-14 07:56:49,162]: Command started.
[2021-05-14 07:56:49,169]: 83 will be updated.
[2021-05-14 07:56:49,717]: 83 reviews has been updated successfully.
[2021-05-14 07:57:47,064]: Command updatereview started.
[2021-05-14 07:57:47,065]: 83 will be updated.
[2021-05-14 07:57:47,596]: 83 reviews has been updated successfully.
[2021-05-14 07:59:54,286]: Command updatereview started.
[2021-05-14 07:59:54,294]: 83 will be updated.
[2021-05-14 07:59:54,845]: 83 reviews has been updated successfully.
[2021-05-14 08:03:26,672]: Command updatereview started.
[2021-05-14 08:03:26,673]: 83 will be updated.
[2021-05-14 08:03:27,192]: 83 reviews has been updated successfully.
[2021-05-14 08:04:47,968]: Command updatereview started.
[2021-05-14 08:04:47,969]: 83 will be updated.
[2021-05-14 08:04:48,516]: 83 reviews has been updated successfully.
2021-05-14 11:13:04,540 - This is an info message in logfile
[2021-05-14 11:16:20,642]: This is an info message in logfile
[2021-05-14 11:17:08,425]: This is an info message in logfile
2021-05-14 11:17:47,766: This is an info message in logfile
[2021-05-14 11:17:58,254]: This is an info message in logfile
[2021-05-14 11:18:28,085]: This is an info message in logfile
[2021-05-14 11:18:44,102]: This is an info message in logfile
[2021-05-14 11:20:52,612]: Command updatereview started.
[2021-05-14 11:21:05,184]: Command updatereview started.
[2021-05-14 11:21:05,185]: 83 reviews will be updated.
[2021-05-14 11:21:05,699]: 83 reviews has been updated successfully.
Command updatereview ended
[2021-05-14 11:21:38,889]: Command updatereview started.
[2021-05-14 11:21:38,891]: 83 reviews will be updated.
[2021-05-14 11:21:39,423]: 83 reviews has been updated successfully.
[2021-05-14 11:21:39,424]: Command updatereview ended.
[2021-05-14 12:35:52,622]: Command updatereview started.
[2021-05-14 12:35:52,623]: 83 reviews will be updated.
[2021-05-14 12:35:53,164]: 83 reviews has been updated successfully.
[2021-05-14 12:35:53,164]: Command updatereview ended.
[2021-05-14 12:44:45,136]: Command updatereview started.
[2021-05-14 12:44:45,137]: 83 reviews will be updated.
[2021-05-14 12:44:45,673]: 83 reviews has been updated successfully.
[2021-05-14 12:44:45,674]: Command updatereview ended.
[2021-05-14 12:45:05,637]: Command updatereview started.
[2021-05-14 12:45:05,638]: 83 reviews will be updated.
[2021-05-14 12:45:06,121]: 83 reviews has been updated successfully.
[2021-05-14 12:45:06,121]: Command updatereview ended.
[2021-05-14 12:49:26,061]: Command updatereview started.
[2021-05-14 12:49:26,062]: 83 reviews will be updated.
[2021-05-14 12:49:26,609]: 83 reviews has been updated successfully.
[2021-05-14 12:49:26,610]: Command updatereview ended.
[2021-05-14 12:51:34,905]: Command updatereview started.
[2021-05-14 12:51:34,907]: 83 reviews will be updated.
[2021-05-14 12:51:35,445]: 83 reviews has been updated successfully.
[2021-05-14 12:51:35,446]: Command updatereview ended.
[2021-05-14 12:53:52,322]: Command updatereview started.
[2021-05-14 12:53:52,324]: 83 reviews will be updated.
[2021-05-14 12:53:52,803]: 83 reviews has been updated successfully.
[2021-05-14 12:53:52,803]: Command updatereview ended.
[2021-05-14 12:54:00,924]: Command updatereview started.
[2021-05-14 12:54:00,925]: 83 reviews will be updated.
[2021-05-14 12:54:01,383]: 83 reviews has been updated successfully.
[2021-05-14 12:54:01,383]: Command updatereview ended.
[2021-05-14 12:54:16,963]: Command updatereview started.
[2021-05-14 12:54:16,964]: 83 reviews will be updated.
[2021-05-14 12:54:17,436]: 83 reviews has been updated successfully.
[2021-05-14 12:54:17,437]: Command updatereview ended.
[2021-05-14 12:56:33,619]: Command updatereview started.
[2021-05-14 12:56:33,620]: 83 reviews will be updated.
[2021-05-14 12:56:34,161]: 83 reviews has been updated successfully.
[2021-05-14 12:56:34,161]: Command updatereview ended.
[2021-05-14 13:02:01,718]: Command updatereview started.
[2021-05-14 13:02:01,719]: 83 reviews will be updated.
[2021-05-14 13:02:02,273]: 83 reviews has been updated successfully.
[2021-05-14 13:02:02,273]: Command updatereview ended.
[2021-05-14 13:02:18,739]: Command updatereview started.
[2021-05-14 13:02:18,740]: 83 reviews will be updated.
[2021-05-14 13:02:19,288]: 83 reviews has been updated successfully.
[2021-05-14 13:02:19,288]: Command updatereview ended.
[2021-05-14 13:02:25,767]: Command updatereview started.
[2021-05-14 13:02:25,768]: 83 reviews will be updated.
[2021-05-14 13:02:26,311]: 83 reviews has been updated successfully.
[2021-05-14 13:02:26,311]: Command updatereview ended.
[2021-05-14 13:03:13,269]: Command updatereview started.
[2021-05-14 13:03:13,270]: 83 reviews will be updated.
[2021-05-14 13:03:13,717]: 83 reviews has been updated successfully.
[2021-05-14 13:03:13,717]: Command updatereview ended.
[2021-05-14 13:03:44,340]: Command updatereview started.
[2021-05-14 13:03:44,342]: 83 reviews will be updated.
[2021-05-14 13:03:44,845]: 83 reviews has been updated successfully.
[2021-05-14 13:03:44,845]: Command updatereview ended.
[2021-05-14 13:04:19,043]: Command updatereview started.
[2021-05-14 13:04:19,044]: 83 reviews will be updated.
[2021-05-14 13:04:19,554]: 83 reviews has been updated successfully.
[2021-05-14 13:04:19,555]: Command updatereview ended.
